
2019-12-25 19:51:00,321 INFO django.utils.autoreload Watching for file changes with StatReloader
2019-12-25 19:51:08,467 INFO main.views Homepage
2019-12-25 19:51:08,662 INFO main.views Homepage
2019-12-25 19:51:14,971 INFO main.views GET request to /education
2019-12-25 19:51:14,971 INFO main.views Filtering SubCategory objects by cat_slug=education
2019-12-25 19:51:14,985 INFO main.views Building sub-categories URLs for Education
2019-12-25 19:51:14,986 INFO main.views Filtering Article objects by subcat_slug=university
2019-12-25 19:52:35,627 INFO django.utils.autoreload /Users/guillaume.bournique/Documents/portfolio/app/main/views.py changed, reloading.
2019-12-25 19:52:36,067 INFO django.utils.autoreload Watching for file changes with StatReloader
2019-12-25 19:52:45,966 INFO django.utils.autoreload /Users/guillaume.bournique/Documents/portfolio/app/main/views.py changed, reloading.
2019-12-25 19:52:46,385 INFO django.utils.autoreload Watching for file changes with StatReloader
2019-12-25 19:52:51,974 INFO django.utils.autoreload /Users/guillaume.bournique/Documents/portfolio/app/main/views.py changed, reloading.
2019-12-25 19:52:52,378 INFO django.utils.autoreload Watching for file changes with StatReloader
2019-12-25 19:52:56,860 INFO django.utils.autoreload /Users/guillaume.bournique/Documents/portfolio/app/main/views.py changed, reloading.
2019-12-25 19:52:57,300 INFO django.utils.autoreload Watching for file changes with StatReloader
2019-12-25 19:53:46,982 INFO main.views Homepage
2019-12-25 19:53:48,199 INFO main.views GET request to /education
2019-12-25 19:53:48,199 INFO main.views Filtering SubCategory objects by cat_slug=education
2019-12-25 19:53:48,214 INFO main.views Building sub-categories URLs for Education
2019-12-25 19:53:48,215 INFO main.views Filtering Article objects by subcat_slug=university
2019-12-25 19:54:47,556 INFO django.utils.autoreload /Users/guillaume.bournique/Documents/portfolio/app/main/views.py changed, reloading.
2019-12-25 19:54:48,019 INFO django.utils.autoreload Watching for file changes with StatReloader
2019-12-25 19:54:51,445 INFO django.utils.autoreload /Users/guillaume.bournique/Documents/portfolio/app/main/views.py changed, reloading.
2019-12-25 19:54:51,907 INFO django.utils.autoreload Watching for file changes with StatReloader
2019-12-25 19:56:31,192 INFO django.utils.autoreload /Users/guillaume.bournique/Documents/portfolio/app/main/views.py changed, reloading.
2019-12-25 19:56:31,616 INFO django.utils.autoreload Watching for file changes with StatReloader
2019-12-25 19:56:32,744 INFO django.utils.autoreload /Users/guillaume.bournique/Documents/portfolio/app/main/views.py changed, reloading.
2019-12-25 19:56:33,171 INFO django.utils.autoreload Watching for file changes with StatReloader
2019-12-25 19:56:38,770 INFO django.utils.autoreload /Users/guillaume.bournique/Documents/portfolio/app/main/views.py changed, reloading.
2019-12-25 19:56:39,256 INFO django.utils.autoreload Watching for file changes with StatReloader
2019-12-25 19:56:44,881 INFO django.utils.autoreload /Users/guillaume.bournique/Documents/portfolio/app/main/views.py changed, reloading.
2019-12-25 19:56:45,405 INFO django.utils.autoreload Watching for file changes with StatReloader
2019-12-25 19:56:48,844 INFO django.utils.autoreload /Users/guillaume.bournique/Documents/portfolio/app/main/views.py changed, reloading.
2019-12-25 19:56:49,327 INFO django.utils.autoreload Watching for file changes with StatReloader
2019-12-25 19:56:53,879 INFO django.utils.autoreload /Users/guillaume.bournique/Documents/portfolio/app/main/views.py changed, reloading.
2019-12-25 19:56:54,309 INFO django.utils.autoreload Watching for file changes with StatReloader
2019-12-25 19:56:56,818 INFO main.views GET request to /education/university/epf
2019-12-25 20:05:06,962 INFO django.utils.autoreload /Users/guillaume.bournique/Documents/portfolio/app/main/views.py changed, reloading.
2019-12-25 20:05:07,418 INFO django.utils.autoreload Watching for file changes with StatReloader
2019-12-25 20:26:46,357 INFO django.utils.autoreload /Users/guillaume.bournique/Documents/portfolio/app/main/views.py changed, reloading.
2019-12-25 20:26:46,794 INFO django.utils.autoreload Watching for file changes with StatReloader
2019-12-25 20:26:49,163 INFO django.utils.autoreload /Users/guillaume.bournique/Documents/portfolio/app/main/views.py changed, reloading.
2019-12-25 20:26:49,540 INFO django.utils.autoreload Watching for file changes with StatReloader
2019-12-25 20:35:47,171 INFO django.utils.autoreload Watching for file changes with StatReloader
2019-12-25 20:35:50,579 INFO django.utils.autoreload /Users/guillaume.bournique/Documents/portfolio/app/main/views.py changed, reloading.
2019-12-25 20:35:51,080 INFO django.utils.autoreload Watching for file changes with StatReloader
2019-12-25 20:35:53,852 INFO main.views Homepage
2019-12-25 20:35:54,778 INFO main.views GET request to /education
2019-12-25 20:35:54,778 INFO main.views Filtering SubCategory objects by cat_slug=education
2019-12-25 20:35:54,790 INFO main.views Building sub-categories URLs for Education
2019-12-25 20:35:54,791 INFO main.views Filtering Article objects by subcat_slug=university
2019-12-25 20:35:55,516 INFO main.views GET request to /education/university/epf
2019-12-25 20:35:55,573 ERROR django.request Internal Server Error: /education/university/epf/
Traceback (most recent call last):
  File "/Users/guillaume.bournique/anaconda3/envs/portfolio-env/lib/python3.6/site-packages/django/core/handlers/exception.py", line 34, in inner
    response = get_response(request)
  File "/Users/guillaume.bournique/anaconda3/envs/portfolio-env/lib/python3.6/site-packages/django/core/handlers/base.py", line 115, in _get_response
    response = self.process_exception_by_middleware(e, request)
  File "/Users/guillaume.bournique/anaconda3/envs/portfolio-env/lib/python3.6/site-packages/django/core/handlers/base.py", line 113, in _get_response
    response = wrapped_callback(request, *callback_args, **callback_kwargs)
  File "/Users/guillaume.bournique/Documents/portfolio/app/main/views.py", line 184, in article
    category_name=this_article.category_name
AttributeError: 'Article' object has no attribute 'category_name'
2019-12-25 20:35:55,648 WARNING django.request Not Found: /favicon.ico/
2019-12-25 20:36:22,700 INFO django.utils.autoreload /Users/guillaume.bournique/Documents/portfolio/app/main/views.py changed, reloading.
2019-12-25 20:36:23,172 INFO django.utils.autoreload Watching for file changes with StatReloader
2019-12-25 20:36:33,022 INFO django.utils.autoreload /Users/guillaume.bournique/Documents/portfolio/app/main/views.py changed, reloading.
2019-12-25 20:36:33,416 INFO django.utils.autoreload Watching for file changes with StatReloader
2019-12-25 20:36:41,128 INFO django.utils.autoreload /Users/guillaume.bournique/Documents/portfolio/app/main/views.py changed, reloading.
2019-12-25 20:36:41,526 INFO django.utils.autoreload Watching for file changes with StatReloader
2019-12-25 20:36:50,332 INFO django.utils.autoreload /Users/guillaume.bournique/Documents/portfolio/app/main/views.py changed, reloading.
2019-12-25 20:36:50,726 INFO django.utils.autoreload Watching for file changes with StatReloader
2019-12-25 20:36:54,134 INFO django.utils.autoreload /Users/guillaume.bournique/Documents/portfolio/app/main/views.py changed, reloading.
2019-12-25 20:36:54,581 INFO django.utils.autoreload Watching for file changes with StatReloader
2019-12-25 20:36:56,937 INFO django.utils.autoreload /Users/guillaume.bournique/Documents/portfolio/app/main/views.py changed, reloading.
2019-12-25 20:36:57,375 INFO django.utils.autoreload Watching for file changes with StatReloader
2019-12-25 21:12:07,750 INFO django.utils.autoreload Watching for file changes with StatReloader
2019-12-25 21:12:16,119 INFO main.views GET request to /education/university/epf
2019-12-25 21:12:18,664 INFO main.views GET request to /education
2019-12-25 21:12:18,664 INFO main.views Filtering SubCategory objects by cat_slug=education
2019-12-25 21:12:18,675 INFO main.views Building sub-categories URLs for Education
2019-12-25 21:12:18,676 INFO main.views Filtering Article objects by subcat_slug=university
2019-12-25 21:12:19,742 INFO main.views Homepage
2019-12-25 21:12:20,657 INFO main.views GET request to /education
2019-12-25 21:12:20,657 INFO main.views Filtering SubCategory objects by cat_slug=education
2019-12-25 21:12:20,675 INFO main.views Building sub-categories URLs for Education
2019-12-25 21:12:20,677 INFO main.views Filtering Article objects by subcat_slug=university
2019-12-25 21:12:22,189 INFO main.views GET request to /education/university/epf
2019-12-25 21:12:25,239 INFO main.views GET request to /education/university/kth
2019-12-25 21:12:27,406 INFO main.views GET request to /education/university/epf
2019-12-25 21:13:10,691 INFO django.utils.autoreload /Users/guillaume.bournique/Documents/portfolio/app/main/views.py changed, reloading.
2019-12-25 21:13:11,105 INFO django.utils.autoreload Watching for file changes with StatReloader
2019-12-25 21:16:25,193 INFO django.utils.autoreload Watching for file changes with StatReloader
2019-12-25 21:16:39,372 INFO main.views GET request to /education/university/epf
2019-12-25 21:20:41,871 INFO django.utils.autoreload Watching for file changes with StatReloader
2019-12-25 21:20:53,927 ERROR django.request Internal Server Error: /email/
Traceback (most recent call last):
  File "/Users/guillaume.bournique/anaconda3/envs/portfolio-env/lib/python3.6/site-packages/django/core/handlers/exception.py", line 34, in inner
    response = get_response(request)
  File "/Users/guillaume.bournique/anaconda3/envs/portfolio-env/lib/python3.6/site-packages/django/core/handlers/base.py", line 115, in _get_response
    response = self.process_exception_by_middleware(e, request)
  File "/Users/guillaume.bournique/anaconda3/envs/portfolio-env/lib/python3.6/site-packages/django/core/handlers/base.py", line 113, in _get_response
    response = wrapped_callback(request, *callback_args, **callback_kwargs)
  File "/Users/guillaume.bournique/Documents/portfolio/app/main/views.py", line 243, in emailView
    _send_email(request)
  File "/Users/guillaume.bournique/Documents/portfolio/app/main/views.py", line 223, in _send_email
    os.getenv("CONTACT_EMAIL"),
  File "/Users/guillaume.bournique/anaconda3/envs/portfolio-env/lib/python3.6/site-packages/django/core/mail/__init__.py", line 56, in send_mail
    mail = EmailMultiAlternatives(subject, message, from_email, recipient_list, connection=connection)
  File "/Users/guillaume.bournique/anaconda3/envs/portfolio-env/lib/python3.6/site-packages/django/core/mail/message.py", line 432, in __init__
    headers, cc, reply_to,
  File "/Users/guillaume.bournique/anaconda3/envs/portfolio-env/lib/python3.6/site-packages/django/core/mail/message.py", line 210, in __init__
    raise TypeError('"to" argument must be a list or tuple')
TypeError: "to" argument must be a list or tuple
2019-12-25 21:20:53,983 WARNING django.request Not Found: /favicon.ico/
2019-12-25 21:21:10,328 INFO django.utils.autoreload /Users/guillaume.bournique/Documents/portfolio/app/main/views.py changed, reloading.
2019-12-25 21:21:10,782 INFO django.utils.autoreload Watching for file changes with StatReloader
2019-12-25 21:21:36,869 INFO django.utils.autoreload /Users/guillaume.bournique/Documents/portfolio/app/main/views.py changed, reloading.
2019-12-25 21:21:37,285 INFO django.utils.autoreload Watching for file changes with StatReloader
2019-12-25 21:21:43,943 INFO django.utils.autoreload /Users/guillaume.bournique/Documents/portfolio/app/main/views.py changed, reloading.
2019-12-25 21:21:44,367 INFO django.utils.autoreload Watching for file changes with StatReloader
2019-12-25 21:21:47,807 INFO django.utils.autoreload /Users/guillaume.bournique/Documents/portfolio/app/main/views.py changed, reloading.
2019-12-25 21:21:48,268 INFO django.utils.autoreload Watching for file changes with StatReloader
2019-12-25 21:21:51,996 ERROR django.request Internal Server Error: /email/
Traceback (most recent call last):
  File "/Users/guillaume.bournique/anaconda3/envs/portfolio-env/lib/python3.6/site-packages/django/core/handlers/exception.py", line 34, in inner
    response = get_response(request)
  File "/Users/guillaume.bournique/anaconda3/envs/portfolio-env/lib/python3.6/site-packages/django/core/handlers/base.py", line 115, in _get_response
    response = self.process_exception_by_middleware(e, request)
  File "/Users/guillaume.bournique/anaconda3/envs/portfolio-env/lib/python3.6/site-packages/django/core/handlers/base.py", line 113, in _get_response
    response = wrapped_callback(request, *callback_args, **callback_kwargs)
  File "/Users/guillaume.bournique/Documents/portfolio/app/main/views.py", line 243, in emailView
    _send_email(request.POST)
  File "/Users/guillaume.bournique/Documents/portfolio/app/main/views.py", line 223, in _send_email
    os.getenv("CONTACT_EMAIL"),
  File "/Users/guillaume.bournique/anaconda3/envs/portfolio-env/lib/python3.6/site-packages/django/core/mail/__init__.py", line 56, in send_mail
    mail = EmailMultiAlternatives(subject, message, from_email, recipient_list, connection=connection)
  File "/Users/guillaume.bournique/anaconda3/envs/portfolio-env/lib/python3.6/site-packages/django/core/mail/message.py", line 432, in __init__
    headers, cc, reply_to,
  File "/Users/guillaume.bournique/anaconda3/envs/portfolio-env/lib/python3.6/site-packages/django/core/mail/message.py", line 210, in __init__
    raise TypeError('"to" argument must be a list or tuple')
TypeError: "to" argument must be a list or tuple
2019-12-25 21:21:56,304 ERROR django.request Internal Server Error: /email/
Traceback (most recent call last):
  File "/Users/guillaume.bournique/anaconda3/envs/portfolio-env/lib/python3.6/site-packages/django/core/handlers/exception.py", line 34, in inner
    response = get_response(request)
  File "/Users/guillaume.bournique/anaconda3/envs/portfolio-env/lib/python3.6/site-packages/django/core/handlers/base.py", line 115, in _get_response
    response = self.process_exception_by_middleware(e, request)
  File "/Users/guillaume.bournique/anaconda3/envs/portfolio-env/lib/python3.6/site-packages/django/core/handlers/base.py", line 113, in _get_response
    response = wrapped_callback(request, *callback_args, **callback_kwargs)
  File "/Users/guillaume.bournique/Documents/portfolio/app/main/views.py", line 243, in emailView
    _send_email(request.POST)
  File "/Users/guillaume.bournique/Documents/portfolio/app/main/views.py", line 223, in _send_email
    os.getenv("CONTACT_EMAIL"),
  File "/Users/guillaume.bournique/anaconda3/envs/portfolio-env/lib/python3.6/site-packages/django/core/mail/__init__.py", line 56, in send_mail
    mail = EmailMultiAlternatives(subject, message, from_email, recipient_list, connection=connection)
  File "/Users/guillaume.bournique/anaconda3/envs/portfolio-env/lib/python3.6/site-packages/django/core/mail/message.py", line 432, in __init__
    headers, cc, reply_to,
  File "/Users/guillaume.bournique/anaconda3/envs/portfolio-env/lib/python3.6/site-packages/django/core/mail/message.py", line 210, in __init__
    raise TypeError('"to" argument must be a list or tuple')
TypeError: "to" argument must be a list or tuple
2019-12-25 21:22:03,563 INFO django.utils.autoreload /Users/guillaume.bournique/Documents/portfolio/app/main/views.py changed, reloading.
2019-12-25 21:22:04,002 INFO django.utils.autoreload Watching for file changes with StatReloader
2019-12-25 21:22:07,286 INFO django.utils.autoreload /Users/guillaume.bournique/Documents/portfolio/app/main/views.py changed, reloading.
2019-12-25 21:22:07,795 INFO django.utils.autoreload Watching for file changes with StatReloader
2019-12-25 21:22:15,460 INFO django.utils.autoreload /Users/guillaume.bournique/Documents/portfolio/app/main/views.py changed, reloading.
2019-12-25 21:22:15,958 INFO django.utils.autoreload Watching for file changes with StatReloader
2019-12-25 21:22:20,492 INFO django.utils.autoreload /Users/guillaume.bournique/Documents/portfolio/app/main/views.py changed, reloading.
2019-12-25 21:22:20,949 INFO django.utils.autoreload Watching for file changes with StatReloader
2019-12-25 21:22:24,354 INFO django.utils.autoreload /Users/guillaume.bournique/Documents/portfolio/app/main/views.py changed, reloading.
2019-12-25 21:22:24,835 INFO django.utils.autoreload Watching for file changes with StatReloader
2019-12-25 21:22:42,293 INFO django.utils.autoreload /Users/guillaume.bournique/Documents/portfolio/app/main/views.py changed, reloading.
2019-12-25 21:22:42,845 INFO django.utils.autoreload Watching for file changes with StatReloader
2019-12-25 21:22:45,295 INFO django.utils.autoreload /Users/guillaume.bournique/Documents/portfolio/app/main/views.py changed, reloading.
2019-12-25 21:22:45,671 INFO django.utils.autoreload Watching for file changes with StatReloader
2019-12-25 21:22:55,609 INFO django.utils.autoreload /Users/guillaume.bournique/Documents/portfolio/app/main/views.py changed, reloading.
2019-12-25 21:22:56,029 INFO django.utils.autoreload Watching for file changes with StatReloader
2019-12-25 21:26:27,786 INFO django.utils.autoreload Watching for file changes with StatReloader
2019-12-25 21:26:38,208 ERROR django.request Internal Server Error: /email/
Traceback (most recent call last):
  File "/Users/guillaume.bournique/anaconda3/envs/portfolio-env/lib/python3.6/site-packages/django/core/handlers/exception.py", line 34, in inner
    response = get_response(request)
  File "/Users/guillaume.bournique/anaconda3/envs/portfolio-env/lib/python3.6/site-packages/django/core/handlers/base.py", line 115, in _get_response
    response = self.process_exception_by_middleware(e, request)
  File "/Users/guillaume.bournique/anaconda3/envs/portfolio-env/lib/python3.6/site-packages/django/core/handlers/base.py", line 113, in _get_response
    response = wrapped_callback(request, *callback_args, **callback_kwargs)
  File "/Users/guillaume.bournique/Documents/portfolio/app/main/views.py", line 244, in emailView
    return render(request, "main/email.html", {"form": form})
UnboundLocalError: local variable 'form' referenced before assignment
2019-12-25 21:28:19,301 INFO django.utils.autoreload /Users/guillaume.bournique/Documents/portfolio/app/main/views.py changed, reloading.
2019-12-25 21:28:19,818 INFO django.utils.autoreload Watching for file changes with StatReloader
2019-12-25 21:28:21,106 INFO django.utils.autoreload /Users/guillaume.bournique/Documents/portfolio/app/main/views.py changed, reloading.
2019-12-25 21:28:21,552 INFO django.utils.autoreload Watching for file changes with StatReloader
2019-12-25 21:28:42,197 INFO django.utils.autoreload /Users/guillaume.bournique/Documents/portfolio/app/main/views.py changed, reloading.
2019-12-25 21:28:42,603 INFO django.utils.autoreload Watching for file changes with StatReloader
2019-12-25 21:28:44,864 INFO django.utils.autoreload /Users/guillaume.bournique/Documents/portfolio/app/main/views.py changed, reloading.
2019-12-25 21:28:45,243 INFO django.utils.autoreload Watching for file changes with StatReloader
2019-12-25 21:28:57,139 INFO django.utils.autoreload /Users/guillaume.bournique/Documents/portfolio/app/main/views.py changed, reloading.
2019-12-25 21:28:57,562 INFO django.utils.autoreload Watching for file changes with StatReloader
2019-12-25 21:34:30,972 INFO django.utils.autoreload Watching for file changes with StatReloader
2019-12-25 21:34:47,193 INFO django.utils.autoreload /Users/guillaume.bournique/Documents/portfolio/app/main/views.py changed, reloading.
2019-12-25 21:34:47,577 INFO django.utils.autoreload Watching for file changes with StatReloader
2019-12-25 21:35:09,123 INFO django.utils.autoreload /Users/guillaume.bournique/Documents/portfolio/app/main/views.py changed, reloading.
2019-12-25 21:35:09,559 INFO django.utils.autoreload Watching for file changes with StatReloader
2019-12-25 21:35:10,695 INFO django.utils.autoreload /Users/guillaume.bournique/Documents/portfolio/app/main/views.py changed, reloading.
2019-12-25 21:35:11,206 INFO django.utils.autoreload Watching for file changes with StatReloader
2019-12-25 21:37:24,660 INFO django.utils.autoreload /Users/guillaume.bournique/Documents/portfolio/app/main/views.py changed, reloading.
2019-12-25 21:37:25,114 INFO django.utils.autoreload Watching for file changes with StatReloader
2019-12-25 21:37:27,483 INFO django.utils.autoreload /Users/guillaume.bournique/Documents/portfolio/app/main/views.py changed, reloading.
2019-12-25 21:37:28,003 INFO django.utils.autoreload Watching for file changes with StatReloader
2019-12-25 21:37:31,019 ERROR django.request Internal Server Error: /email/
Traceback (most recent call last):
  File "/Users/guillaume.bournique/anaconda3/envs/portfolio-env/lib/python3.6/site-packages/django/core/handlers/exception.py", line 34, in inner
    response = get_response(request)
  File "/Users/guillaume.bournique/anaconda3/envs/portfolio-env/lib/python3.6/site-packages/django/core/handlers/base.py", line 126, in _get_response
    "returned None instead." % (callback.__module__, view_name)
ValueError: The view main.views.emailView didn't return an HttpResponse object. It returned None instead.
2019-12-25 21:37:51,591 INFO main.views GET request to /education
2019-12-25 21:37:51,591 INFO main.views Filtering SubCategory objects by cat_slug=education
2019-12-25 21:37:51,607 INFO main.views Building sub-categories URLs for Education
2019-12-25 21:37:51,608 INFO main.views Filtering Article objects by subcat_slug=university
2019-12-25 21:37:51,865 INFO main.views Homepage
2019-12-25 21:37:51,865 INFO main.views Homepage
2019-12-25 21:37:53,517 ERROR django.request Internal Server Error: /email/
Traceback (most recent call last):
  File "/Users/guillaume.bournique/anaconda3/envs/portfolio-env/lib/python3.6/site-packages/django/core/handlers/exception.py", line 34, in inner
    response = get_response(request)
  File "/Users/guillaume.bournique/anaconda3/envs/portfolio-env/lib/python3.6/site-packages/django/core/handlers/base.py", line 126, in _get_response
    "returned None instead." % (callback.__module__, view_name)
ValueError: The view main.views.emailView didn't return an HttpResponse object. It returned None instead.
2019-12-25 21:38:26,631 INFO django.utils.autoreload /Users/guillaume.bournique/Documents/portfolio/app/main/views.py changed, reloading.
2019-12-25 21:38:27,062 INFO django.utils.autoreload Watching for file changes with StatReloader
2019-12-25 21:38:28,473 ERROR django.request Internal Server Error: /email/
Traceback (most recent call last):
  File "/Users/guillaume.bournique/anaconda3/envs/portfolio-env/lib/python3.6/site-packages/django/core/handlers/exception.py", line 34, in inner
    response = get_response(request)
  File "/Users/guillaume.bournique/anaconda3/envs/portfolio-env/lib/python3.6/site-packages/django/core/handlers/base.py", line 126, in _get_response
    "returned None instead." % (callback.__module__, view_name)
ValueError: The view main.views.emailView didn't return an HttpResponse object. It returned None instead.
2019-12-25 21:38:35,804 INFO main.views Homepage
2019-12-25 21:38:36,104 INFO main.views Homepage
2019-12-25 21:38:37,680 ERROR django.request Internal Server Error: /email/
Traceback (most recent call last):
  File "/Users/guillaume.bournique/anaconda3/envs/portfolio-env/lib/python3.6/site-packages/django/core/handlers/exception.py", line 34, in inner
    response = get_response(request)
  File "/Users/guillaume.bournique/anaconda3/envs/portfolio-env/lib/python3.6/site-packages/django/core/handlers/base.py", line 126, in _get_response
    "returned None instead." % (callback.__module__, view_name)
ValueError: The view main.views.emailView didn't return an HttpResponse object. It returned None instead.
2019-12-25 21:38:43,648 INFO django.utils.autoreload /Users/guillaume.bournique/Documents/portfolio/app/main/views.py changed, reloading.
2019-12-25 21:38:44,090 INFO django.utils.autoreload Watching for file changes with StatReloader
2019-12-25 21:38:49,422 INFO main.views Homepage
2019-12-25 21:38:49,657 INFO main.views Homepage
2019-12-25 21:38:50,948 ERROR django.request Internal Server Error: /email/
Traceback (most recent call last):
  File "/Users/guillaume.bournique/anaconda3/envs/portfolio-env/lib/python3.6/site-packages/django/core/handlers/exception.py", line 34, in inner
    response = get_response(request)
  File "/Users/guillaume.bournique/anaconda3/envs/portfolio-env/lib/python3.6/site-packages/django/core/handlers/base.py", line 126, in _get_response
    "returned None instead." % (callback.__module__, view_name)
ValueError: The view main.views.emailView didn't return an HttpResponse object. It returned None instead.
2019-12-25 21:39:13,636 INFO django.utils.autoreload /Users/guillaume.bournique/Documents/portfolio/app/main/views.py changed, reloading.
2019-12-25 21:39:14,018 INFO django.utils.autoreload Watching for file changes with StatReloader
2019-12-25 21:39:21,703 INFO django.utils.autoreload /Users/guillaume.bournique/Documents/portfolio/app/main/views.py changed, reloading.
2019-12-25 21:39:22,177 INFO django.utils.autoreload Watching for file changes with StatReloader
2019-12-25 21:39:31,049 INFO django.utils.autoreload /Users/guillaume.bournique/Documents/portfolio/app/main/views.py changed, reloading.
2019-12-25 21:39:31,467 INFO django.utils.autoreload Watching for file changes with StatReloader
2019-12-25 21:39:59,755 INFO django.utils.autoreload /Users/guillaume.bournique/Documents/portfolio/app/main/views.py changed, reloading.
2019-12-25 21:40:00,198 INFO django.utils.autoreload Watching for file changes with StatReloader
2019-12-25 21:40:11,217 INFO main.views GET request to /education
2019-12-25 21:40:11,217 INFO main.views Filtering SubCategory objects by cat_slug=education
2019-12-25 21:40:11,232 INFO main.views Building sub-categories URLs for Education
2019-12-25 21:40:11,233 INFO main.views Filtering Article objects by subcat_slug=university
2019-12-25 21:40:11,447 INFO main.views Homepage
2019-12-25 21:40:11,496 INFO main.views Homepage
2019-12-25 21:40:37,153 INFO django.utils.autoreload /Users/guillaume.bournique/Documents/portfolio/app/main/views.py changed, reloading.
2019-12-25 21:40:37,657 INFO django.utils.autoreload Watching for file changes with StatReloader
2019-12-25 21:40:54,424 INFO main.views GET request to /education
2019-12-25 21:40:54,424 INFO main.views Filtering SubCategory objects by cat_slug=education
2019-12-25 21:40:54,436 INFO main.views Building sub-categories URLs for Education
2019-12-25 21:40:54,437 INFO main.views Filtering Article objects by subcat_slug=university
2019-12-25 21:40:54,657 INFO main.views Homepage
2019-12-25 21:40:54,799 INFO main.views Homepage
2019-12-25 21:47:30,848 INFO django.utils.autoreload Watching for file changes with StatReloader
2019-12-25 21:47:52,806 INFO django.utils.autoreload /Users/guillaume.bournique/Documents/portfolio/app/main/views.py changed, reloading.
2019-12-25 21:47:53,236 INFO django.utils.autoreload Watching for file changes with StatReloader
2019-12-25 21:50:04,875 INFO django.utils.autoreload /Users/guillaume.bournique/Documents/portfolio/app/main/views.py changed, reloading.
2019-12-25 21:50:05,259 INFO django.utils.autoreload Watching for file changes with StatReloader
2019-12-25 21:50:14,047 INFO django.utils.autoreload /Users/guillaume.bournique/Documents/portfolio/app/main/views.py changed, reloading.
2019-12-25 21:50:17,841 INFO django.utils.autoreload Watching for file changes with StatReloader
2019-12-25 21:50:43,944 INFO django.utils.autoreload /Users/guillaume.bournique/Documents/portfolio/app/main/views.py changed, reloading.
2019-12-25 21:50:44,443 INFO django.utils.autoreload Watching for file changes with StatReloader
2019-12-25 21:50:54,349 INFO django.utils.autoreload /Users/guillaume.bournique/Documents/portfolio/app/main/views.py changed, reloading.
2019-12-25 21:50:54,796 INFO django.utils.autoreload Watching for file changes with StatReloader
2019-12-25 21:50:56,068 INFO django.utils.autoreload /Users/guillaume.bournique/Documents/portfolio/app/main/views.py changed, reloading.
2019-12-25 21:50:56,547 INFO django.utils.autoreload Watching for file changes with StatReloader
2019-12-25 21:50:58,909 INFO django.utils.autoreload /Users/guillaume.bournique/Documents/portfolio/app/main/views.py changed, reloading.
2019-12-25 21:50:59,374 INFO django.utils.autoreload Watching for file changes with StatReloader
2019-12-25 21:52:25,153 INFO django.utils.autoreload Watching for file changes with StatReloader
2019-12-25 21:53:02,121 INFO django.utils.autoreload /Users/guillaume.bournique/Documents/portfolio/app/main/views.py changed, reloading.
2019-12-25 21:53:02,545 INFO django.utils.autoreload Watching for file changes with StatReloader
2019-12-25 21:53:03,832 INFO django.utils.autoreload /Users/guillaume.bournique/Documents/portfolio/app/main/views.py changed, reloading.
2019-12-25 21:53:04,283 INFO django.utils.autoreload Watching for file changes with StatReloader
2019-12-25 21:53:06,627 INFO django.utils.autoreload /Users/guillaume.bournique/Documents/portfolio/app/main/views.py changed, reloading.
2019-12-25 21:53:07,104 INFO django.utils.autoreload Watching for file changes with StatReloader
2019-12-25 21:56:30,966 INFO django.utils.autoreload /Users/guillaume.bournique/Documents/portfolio/app/main/views.py changed, reloading.
2019-12-25 21:56:31,452 INFO django.utils.autoreload Watching for file changes with StatReloader
2019-12-25 21:56:34,797 INFO django.utils.autoreload /Users/guillaume.bournique/Documents/portfolio/app/main/views.py changed, reloading.
2019-12-25 21:56:35,303 INFO django.utils.autoreload Watching for file changes with StatReloader
2019-12-25 21:56:41,890 INFO django.utils.autoreload /Users/guillaume.bournique/Documents/portfolio/app/main/views.py changed, reloading.
2019-12-25 21:56:42,376 INFO django.utils.autoreload Watching for file changes with StatReloader
2019-12-25 21:56:48,344 WARNING django.request Not Found: /favicon.ico/
2019-12-25 21:56:50,467 INFO main.views Homepage
2019-12-25 21:56:51,717 ERROR django.request Internal Server Error: /admin/
Traceback (most recent call last):
  File "/Users/guillaume.bournique/anaconda3/envs/portfolio-env/lib/python3.6/site-packages/django/core/handlers/exception.py", line 34, in inner
    response = get_response(request)
  File "/Users/guillaume.bournique/anaconda3/envs/portfolio-env/lib/python3.6/site-packages/django/core/handlers/base.py", line 115, in _get_response
    response = self.process_exception_by_middleware(e, request)
  File "/Users/guillaume.bournique/anaconda3/envs/portfolio-env/lib/python3.6/site-packages/django/core/handlers/base.py", line 113, in _get_response
    response = wrapped_callback(request, *callback_args, **callback_kwargs)
  File "/Users/guillaume.bournique/anaconda3/envs/portfolio-env/lib/python3.6/site-packages/django/contrib/admin/sites.py", line 241, in wrapper
    return self.admin_view(view, cacheable)(*args, **kwargs)
  File "/Users/guillaume.bournique/anaconda3/envs/portfolio-env/lib/python3.6/site-packages/django/utils/decorators.py", line 142, in _wrapped_view
    response = view_func(request, *args, **kwargs)
  File "/Users/guillaume.bournique/anaconda3/envs/portfolio-env/lib/python3.6/site-packages/django/views/decorators/cache.py", line 44, in _wrapped_view_func
    response = view_func(request, *args, **kwargs)
  File "/Users/guillaume.bournique/anaconda3/envs/portfolio-env/lib/python3.6/site-packages/django/contrib/admin/sites.py", line 223, in inner
    return view(request, *args, **kwargs)
  File "/Users/guillaume.bournique/anaconda3/envs/portfolio-env/lib/python3.6/site-packages/django/views/decorators/cache.py", line 44, in _wrapped_view_func
    response = view_func(request, *args, **kwargs)
  File "/Users/guillaume.bournique/anaconda3/envs/portfolio-env/lib/python3.6/site-packages/django/contrib/admin/sites.py", line 491, in index
    app_list = self.get_app_list(request)
  File "/Users/guillaume.bournique/anaconda3/envs/portfolio-env/lib/python3.6/site-packages/django/contrib/admin/sites.py", line 474, in get_app_list
    app_dict = self._build_app_dict(request)
  File "/Users/guillaume.bournique/anaconda3/envs/portfolio-env/lib/python3.6/site-packages/django/contrib/admin/sites.py", line 459, in _build_app_dict
    current_app=self.name,
  File "/Users/guillaume.bournique/anaconda3/envs/portfolio-env/lib/python3.6/site-packages/django/urls/base.py", line 90, in reverse
    return iri_to_uri(resolver._reverse_with_prefix(view, prefix, *args, **kwargs))
  File "/Users/guillaume.bournique/anaconda3/envs/portfolio-env/lib/python3.6/site-packages/django/urls/resolvers.py", line 668, in _reverse_with_prefix
    raise NoReverseMatch(msg)
django.urls.exceptions.NoReverseMatch: Reverse for 'app_list' with keyword arguments '{'app_label': 'auth'}' not found. 1 pattern(s) tried: ['admin/$(?P<app_label>auth|main)/$']
2019-12-25 21:56:59,074 ERROR django.request Internal Server Error: /admin/
Traceback (most recent call last):
  File "/Users/guillaume.bournique/anaconda3/envs/portfolio-env/lib/python3.6/site-packages/django/core/handlers/exception.py", line 34, in inner
    response = get_response(request)
  File "/Users/guillaume.bournique/anaconda3/envs/portfolio-env/lib/python3.6/site-packages/django/core/handlers/base.py", line 115, in _get_response
    response = self.process_exception_by_middleware(e, request)
  File "/Users/guillaume.bournique/anaconda3/envs/portfolio-env/lib/python3.6/site-packages/django/core/handlers/base.py", line 113, in _get_response
    response = wrapped_callback(request, *callback_args, **callback_kwargs)
  File "/Users/guillaume.bournique/anaconda3/envs/portfolio-env/lib/python3.6/site-packages/django/contrib/admin/sites.py", line 241, in wrapper
    return self.admin_view(view, cacheable)(*args, **kwargs)
  File "/Users/guillaume.bournique/anaconda3/envs/portfolio-env/lib/python3.6/site-packages/django/utils/decorators.py", line 142, in _wrapped_view
    response = view_func(request, *args, **kwargs)
  File "/Users/guillaume.bournique/anaconda3/envs/portfolio-env/lib/python3.6/site-packages/django/views/decorators/cache.py", line 44, in _wrapped_view_func
    response = view_func(request, *args, **kwargs)
  File "/Users/guillaume.bournique/anaconda3/envs/portfolio-env/lib/python3.6/site-packages/django/contrib/admin/sites.py", line 223, in inner
    return view(request, *args, **kwargs)
  File "/Users/guillaume.bournique/anaconda3/envs/portfolio-env/lib/python3.6/site-packages/django/views/decorators/cache.py", line 44, in _wrapped_view_func
    response = view_func(request, *args, **kwargs)
  File "/Users/guillaume.bournique/anaconda3/envs/portfolio-env/lib/python3.6/site-packages/django/contrib/admin/sites.py", line 491, in index
    app_list = self.get_app_list(request)
  File "/Users/guillaume.bournique/anaconda3/envs/portfolio-env/lib/python3.6/site-packages/django/contrib/admin/sites.py", line 474, in get_app_list
    app_dict = self._build_app_dict(request)
  File "/Users/guillaume.bournique/anaconda3/envs/portfolio-env/lib/python3.6/site-packages/django/contrib/admin/sites.py", line 459, in _build_app_dict
    current_app=self.name,
  File "/Users/guillaume.bournique/anaconda3/envs/portfolio-env/lib/python3.6/site-packages/django/urls/base.py", line 90, in reverse
    return iri_to_uri(resolver._reverse_with_prefix(view, prefix, *args, **kwargs))
  File "/Users/guillaume.bournique/anaconda3/envs/portfolio-env/lib/python3.6/site-packages/django/urls/resolvers.py", line 668, in _reverse_with_prefix
    raise NoReverseMatch(msg)
django.urls.exceptions.NoReverseMatch: Reverse for 'app_list' with keyword arguments '{'app_label': 'auth'}' not found. 1 pattern(s) tried: ['admin/$(?P<app_label>auth|main)/$']
2019-12-25 21:57:29,258 INFO django.utils.autoreload /Users/guillaume.bournique/Documents/portfolio/app/myportfolio/urls.py changed, reloading.
2019-12-25 21:57:29,673 INFO django.utils.autoreload Watching for file changes with StatReloader
2019-12-25 21:57:32,017 INFO django.utils.autoreload /Users/guillaume.bournique/Documents/portfolio/app/myportfolio/urls.py changed, reloading.
2019-12-25 21:57:32,459 INFO django.utils.autoreload Watching for file changes with StatReloader
2019-12-25 21:57:34,669 INFO django.utils.autoreload /Users/guillaume.bournique/Documents/portfolio/app/myportfolio/urls.py changed, reloading.
2019-12-25 21:57:35,150 INFO django.utils.autoreload Watching for file changes with StatReloader
2019-12-25 21:57:37,495 INFO django.utils.autoreload /Users/guillaume.bournique/Documents/portfolio/app/myportfolio/urls.py changed, reloading.
2019-12-25 21:57:37,937 INFO django.utils.autoreload Watching for file changes with StatReloader
2019-12-25 21:57:52,197 INFO main.views Homepage
2019-12-25 21:59:40,133 INFO django.utils.autoreload /Users/guillaume.bournique/Documents/portfolio/app/main/views.py changed, reloading.
2019-12-25 21:59:40,629 INFO django.utils.autoreload Watching for file changes with StatReloader
2019-12-25 21:59:46,254 INFO django.utils.autoreload /Users/guillaume.bournique/Documents/portfolio/app/main/views.py changed, reloading.
2019-12-25 21:59:46,637 INFO django.utils.autoreload Watching for file changes with StatReloader
2019-12-25 21:59:53,275 INFO django.utils.autoreload /Users/guillaume.bournique/Documents/portfolio/app/main/views.py changed, reloading.
2019-12-25 21:59:53,729 INFO django.utils.autoreload Watching for file changes with StatReloader
2019-12-25 22:00:10,064 INFO django.utils.autoreload /Users/guillaume.bournique/Documents/portfolio/app/main/views.py changed, reloading.
2019-12-25 22:00:10,466 INFO django.utils.autoreload Watching for file changes with StatReloader
2019-12-25 22:00:23,574 INFO django.utils.autoreload /Users/guillaume.bournique/Documents/portfolio/app/main/views.py changed, reloading.
2019-12-25 22:00:23,999 INFO django.utils.autoreload Watching for file changes with StatReloader
2019-12-25 22:00:25,277 INFO django.utils.autoreload /Users/guillaume.bournique/Documents/portfolio/app/main/views.py changed, reloading.
2019-12-25 22:00:25,683 INFO django.utils.autoreload Watching for file changes with StatReloader
2019-12-25 22:00:31,002 INFO main.views Homepage
2019-12-25 22:00:43,307 INFO main.views Homepage
2019-12-25 22:04:13,548 INFO django.utils.autoreload /Users/guillaume.bournique/Documents/portfolio/app/main/views.py changed, reloading.
2019-12-25 22:04:14,017 INFO django.utils.autoreload Watching for file changes with StatReloader
2019-12-25 22:04:27,230 INFO django.utils.autoreload /Users/guillaume.bournique/Documents/portfolio/app/main/views.py changed, reloading.
2019-12-25 22:04:27,733 INFO django.utils.autoreload Watching for file changes with StatReloader
2019-12-25 22:04:54,776 INFO django.utils.autoreload /Users/guillaume.bournique/Documents/portfolio/app/main/views.py changed, reloading.
2019-12-25 22:04:55,184 INFO django.utils.autoreload Watching for file changes with StatReloader
2019-12-25 22:04:58,604 INFO django.utils.autoreload /Users/guillaume.bournique/Documents/portfolio/app/main/views.py changed, reloading.
2019-12-25 22:04:59,078 INFO django.utils.autoreload Watching for file changes with StatReloader
2019-12-25 22:05:01,457 INFO django.utils.autoreload /Users/guillaume.bournique/Documents/portfolio/app/main/views.py changed, reloading.
2019-12-25 22:05:01,903 INFO django.utils.autoreload Watching for file changes with StatReloader
2019-12-25 22:05:05,340 INFO django.utils.autoreload /Users/guillaume.bournique/Documents/portfolio/app/main/views.py changed, reloading.
2019-12-25 22:05:05,754 INFO django.utils.autoreload Watching for file changes with StatReloader
2019-12-25 22:05:33,830 INFO django.utils.autoreload /Users/guillaume.bournique/Documents/portfolio/app/main/views.py changed, reloading.
2019-12-25 22:05:34,324 INFO django.utils.autoreload Watching for file changes with StatReloader
2019-12-25 22:05:39,796 INFO django.utils.autoreload /Users/guillaume.bournique/Documents/portfolio/app/main/views.py changed, reloading.
2019-12-25 22:05:40,251 INFO django.utils.autoreload Watching for file changes with StatReloader
2019-12-25 22:05:42,460 INFO django.utils.autoreload /Users/guillaume.bournique/Documents/portfolio/app/main/views.py changed, reloading.
2019-12-25 22:05:42,895 INFO django.utils.autoreload Watching for file changes with StatReloader
2019-12-25 22:05:44,030 INFO django.utils.autoreload /Users/guillaume.bournique/Documents/portfolio/app/main/views.py changed, reloading.
2019-12-25 22:05:44,419 INFO django.utils.autoreload Watching for file changes with StatReloader
2019-12-25 22:06:05,035 INFO django.utils.autoreload /Users/guillaume.bournique/Documents/portfolio/app/main/views.py changed, reloading.
2019-12-25 22:06:05,544 INFO django.utils.autoreload Watching for file changes with StatReloader
2019-12-25 22:06:07,767 INFO django.utils.autoreload /Users/guillaume.bournique/Documents/portfolio/app/main/views.py changed, reloading.
2019-12-25 22:06:08,208 INFO django.utils.autoreload Watching for file changes with StatReloader
2019-12-25 22:06:10,440 INFO django.utils.autoreload /Users/guillaume.bournique/Documents/portfolio/app/main/views.py changed, reloading.
2019-12-25 22:06:10,881 INFO django.utils.autoreload Watching for file changes with StatReloader
2019-12-25 22:06:13,218 INFO django.utils.autoreload /Users/guillaume.bournique/Documents/portfolio/app/main/views.py changed, reloading.
2019-12-25 22:06:13,634 INFO django.utils.autoreload Watching for file changes with StatReloader
2019-12-25 22:06:22,381 INFO django.utils.autoreload /Users/guillaume.bournique/Documents/portfolio/app/main/views.py changed, reloading.
2019-12-25 22:06:22,868 INFO django.utils.autoreload Watching for file changes with StatReloader
2019-12-25 22:06:32,766 INFO django.utils.autoreload /Users/guillaume.bournique/Documents/portfolio/app/main/views.py changed, reloading.
2019-12-25 22:06:33,245 INFO django.utils.autoreload Watching for file changes with StatReloader
2019-12-25 22:06:41,024 INFO django.utils.autoreload /Users/guillaume.bournique/Documents/portfolio/app/main/views.py changed, reloading.
2019-12-25 22:06:41,465 INFO django.utils.autoreload Watching for file changes with StatReloader
2019-12-25 22:06:51,373 INFO django.utils.autoreload /Users/guillaume.bournique/Documents/portfolio/app/main/views.py changed, reloading.
2019-12-25 22:06:51,808 INFO django.utils.autoreload Watching for file changes with StatReloader
2019-12-25 22:06:56,171 INFO django.utils.autoreload /Users/guillaume.bournique/Documents/portfolio/app/main/views.py changed, reloading.
2019-12-25 22:06:56,591 INFO django.utils.autoreload Watching for file changes with StatReloader
2019-12-25 22:06:59,917 INFO django.utils.autoreload /Users/guillaume.bournique/Documents/portfolio/app/main/views.py changed, reloading.
2019-12-25 22:07:00,373 INFO django.utils.autoreload Watching for file changes with StatReloader
2019-12-25 22:07:02,714 INFO django.utils.autoreload /Users/guillaume.bournique/Documents/portfolio/app/main/views.py changed, reloading.
2019-12-25 22:07:03,112 INFO django.utils.autoreload Watching for file changes with StatReloader
2019-12-25 22:07:44,288 INFO django.utils.autoreload /Users/guillaume.bournique/Documents/portfolio/app/main/views.py changed, reloading.
2019-12-25 22:07:44,677 INFO django.utils.autoreload Watching for file changes with StatReloader
2019-12-25 22:07:48,089 INFO django.utils.autoreload /Users/guillaume.bournique/Documents/portfolio/app/main/views.py changed, reloading.
2019-12-25 22:07:48,547 INFO django.utils.autoreload Watching for file changes with StatReloader
2019-12-25 22:07:50,902 INFO django.utils.autoreload /Users/guillaume.bournique/Documents/portfolio/app/main/views.py changed, reloading.
2019-12-25 22:07:51,333 INFO django.utils.autoreload Watching for file changes with StatReloader
2019-12-25 22:12:10,334 INFO django.utils.autoreload Watching for file changes with StatReloader
2019-12-25 22:12:50,360 INFO django.utils.autoreload /Users/guillaume.bournique/Documents/portfolio/app/main/views.py changed, reloading.
2019-12-25 22:12:50,838 INFO django.utils.autoreload Watching for file changes with StatReloader
2019-12-25 22:13:07,212 INFO django.utils.autoreload /Users/guillaume.bournique/Documents/portfolio/app/myportfolio/urls.py changed, reloading.
2019-12-25 22:13:07,663 INFO django.utils.autoreload Watching for file changes with StatReloader
2019-12-25 22:13:10,036 INFO django.utils.autoreload /Users/guillaume.bournique/Documents/portfolio/app/myportfolio/urls.py changed, reloading.
2019-12-25 22:13:10,497 INFO django.utils.autoreload Watching for file changes with StatReloader
2019-12-25 22:13:14,279 INFO main.views Homepage
2019-12-25 22:13:16,631 INFO main.views GET request to /education
2019-12-25 22:13:16,631 INFO main.views Filtering SubCategory objects by cat_slug=education
2019-12-25 22:13:16,645 INFO main.views Building sub-categories URLs for Education
2019-12-25 22:13:16,646 INFO main.views Filtering Article objects by subcat_slug=university
2019-12-25 22:13:17,287 INFO main.views GET request to /education/university/epf
2019-12-25 22:13:18,766 INFO main.views GET request to /education
2019-12-25 22:13:18,766 INFO main.views Filtering SubCategory objects by cat_slug=education
2019-12-25 22:13:18,777 INFO main.views Building sub-categories URLs for Education
2019-12-25 22:13:18,778 INFO main.views Filtering Article objects by subcat_slug=university
2019-12-25 22:13:19,430 INFO main.views Homepage
2019-12-25 22:13:35,737 INFO django.utils.autoreload /Users/guillaume.bournique/Documents/portfolio/app/main/views.py changed, reloading.
2019-12-25 22:13:36,177 INFO django.utils.autoreload Watching for file changes with StatReloader
2019-12-25 22:13:40,621 INFO django.utils.autoreload /Users/guillaume.bournique/Documents/portfolio/app/main/views.py changed, reloading.
2019-12-25 22:13:41,065 INFO django.utils.autoreload Watching for file changes with StatReloader
2019-12-25 22:13:43,326 INFO django.utils.autoreload /Users/guillaume.bournique/Documents/portfolio/app/main/views.py changed, reloading.
2019-12-25 22:13:43,872 INFO django.utils.autoreload Watching for file changes with StatReloader
2019-12-25 23:21:43,211 INFO django.utils.autoreload Watching for file changes with StatReloader
2019-12-25 23:22:12,440 INFO django.utils.autoreload /Users/guillaume.bournique/Documents/portfolio/app/main/utils/views_utils.py changed, reloading.
2019-12-25 23:22:12,897 INFO django.utils.autoreload Watching for file changes with StatReloader
2019-12-25 23:22:25,966 INFO django.utils.autoreload /Users/guillaume.bournique/Documents/portfolio/app/main/utils/views_utils.py changed, reloading.
2019-12-25 23:22:26,398 INFO django.utils.autoreload Watching for file changes with StatReloader
2019-12-25 23:22:31,379 INFO django.utils.autoreload Watching for file changes with StatReloader
2019-12-25 23:23:08,267 INFO django.utils.autoreload /Users/guillaume.bournique/Documents/portfolio/app/main/utils/views_utils.py changed, reloading.
2019-12-25 23:23:08,713 INFO django.utils.autoreload Watching for file changes with StatReloader
2019-12-25 23:23:17,416 INFO django.utils.autoreload /Users/guillaume.bournique/Documents/portfolio/app/main/utils/views_utils.py changed, reloading.
2019-12-25 23:23:17,862 INFO django.utils.autoreload Watching for file changes with StatReloader
2019-12-25 23:23:21,213 INFO django.utils.autoreload /Users/guillaume.bournique/Documents/portfolio/app/main/utils/views_utils.py changed, reloading.
2019-12-25 23:23:21,666 INFO django.utils.autoreload Watching for file changes with StatReloader
2019-12-25 23:23:41,355 INFO django.utils.autoreload /Users/guillaume.bournique/Documents/portfolio/app/main/forms.py changed, reloading.
2019-12-25 23:23:41,741 INFO django.utils.autoreload Watching for file changes with StatReloader
2019-12-25 23:29:25,093 INFO django.utils.autoreload /Users/guillaume.bournique/Documents/portfolio/app/main/views.py changed, reloading.
2019-12-25 23:29:25,509 INFO django.utils.autoreload Watching for file changes with StatReloader
2019-12-25 23:29:28,483 INFO main.views Homepage
2019-12-25 23:29:29,426 INFO main.views GET request to /education
2019-12-25 23:29:29,427 INFO main.utils.views_utils Filtering SubCategory objects by cat_slug=education
2019-12-25 23:29:29,450 INFO main.utils.views_utils Building sub-categories URLs for Education
2019-12-25 23:29:29,451 INFO main.utils.views_utils Filtering Article objects by subcat_slug=university
2019-12-25 23:29:30,140 INFO main.views GET request to /education/university/epf
2019-12-25 23:29:31,618 INFO main.views GET request to /education
2019-12-25 23:29:31,618 INFO main.utils.views_utils Filtering SubCategory objects by cat_slug=education
2019-12-25 23:29:31,629 INFO main.utils.views_utils Building sub-categories URLs for Education
2019-12-25 23:29:31,630 INFO main.utils.views_utils Filtering Article objects by subcat_slug=university
2019-12-25 23:29:32,868 INFO main.views Homepage
2019-12-25 23:29:35,524 INFO main.views Homepage
2019-12-25 23:29:36,375 INFO main.views Homepage
2019-12-25 23:29:37,764 INFO main.views Homepage
2019-12-25 23:30:33,321 INFO main.views Homepage
2019-12-25 23:33:22,343 INFO main.views Homepage
2019-12-25 23:33:24,798 INFO main.views GET request to /education
2019-12-25 23:33:24,798 INFO main.utils.views_utils Filtering SubCategory objects by cat_slug=education
2019-12-25 23:33:24,809 INFO main.utils.views_utils Building sub-categories URLs for Education
2019-12-25 23:33:24,810 INFO main.utils.views_utils Filtering Article objects by subcat_slug=university
2019-12-25 23:33:38,222 INFO main.views GET request to /education/university/epf
2019-12-25 23:33:53,540 INFO main.views GET request to /education/university/kth
2019-12-25 23:33:59,837 INFO main.views GET request to /education/university/epf
2019-12-25 23:34:02,973 INFO main.views GET request to /education
2019-12-25 23:34:02,973 INFO main.utils.views_utils Filtering SubCategory objects by cat_slug=education
2019-12-25 23:34:02,985 INFO main.utils.views_utils Building sub-categories URLs for Education
2019-12-25 23:34:02,986 INFO main.utils.views_utils Filtering Article objects by subcat_slug=university
2019-12-25 23:34:20,854 INFO main.views Homepage
2019-12-25 23:34:34,928 INFO main.views Homepage
2019-12-25 23:34:40,171 INFO main.views Homepage
